d:\fanda\ostatni\skola\pa2\semestralka\seaimpact\seaimpact\release\vc142.pdb
d:\fanda\ostatni\skola\pa2\semestralka\seaimpact\seaimpact\release\spawner.obj
d:\fanda\ostatni\skola\pa2\semestralka\seaimpact\seaimpact\release\shot.obj
d:\fanda\ostatni\skola\pa2\semestralka\seaimpact\seaimpact\release\player.obj
d:\fanda\ostatni\skola\pa2\semestralka\seaimpact\seaimpact\release\main.obj
d:\fanda\ostatni\skola\pa2\semestralka\seaimpact\seaimpact\release\gamerender.obj
d:\fanda\ostatni\skola\pa2\semestralka\seaimpact\seaimpact\release\filemanager.obj
d:\fanda\ostatni\skola\pa2\semestralka\seaimpact\seaimpact\release\enemywiggler.obj
d:\fanda\ostatni\skola\pa2\semestralka\seaimpact\seaimpact\release\enemytoucher.obj
d:\fanda\ostatni\skola\pa2\semestralka\seaimpact\seaimpact\release\enemynarrow.obj
d:\fanda\ostatni\skola\pa2\semestralka\seaimpact\seaimpact\release\enemyboss.obj
d:\fanda\ostatni\skola\pa2\semestralka\seaimpact\seaimpact\release\enemy.obj
d:\fanda\ostatni\skola\pa2\semestralka\seaimpact\seaimpact\release\coordinates.obj
d:\fanda\ostatni\skola\pa2\semestralka\seaimpact\seaimpact\release\control.obj
d:\fanda\ostatni\skola\pa2\semestralka\seaimpact\seaimpact\release\bonusshield.obj
d:\fanda\ostatni\skola\pa2\semestralka\seaimpact\seaimpact\release\bonusrockets.obj
d:\fanda\ostatni\skola\pa2\semestralka\seaimpact\seaimpact\release\bonusinvincibility.obj
d:\fanda\ostatni\skola\pa2\semestralka\seaimpact\seaimpact\release\bonushealth.obj
d:\fanda\ostatni\skola\pa2\semestralka\seaimpact\seaimpact\release\bonus.obj
d:\fanda\ostatni\skola\pa2\semestralka\seaimpact\seaimpact\release\baseobject.obj
d:\fanda\ostatni\skola\pa2\semestralka\seaimpact\release\seaimpact.exe
d:\fanda\ostatni\skola\pa2\semestralka\seaimpact\release\seaimpact.pdb
d:\fanda\ostatni\skola\pa2\semestralka\seaimpact\release\seaimpact.ipdb
d:\fanda\ostatni\skola\pa2\semestralka\seaimpact\release\seaimpact.iobj
d:\fanda\ostatni\skola\pa2\semestralka\seaimpact\seaimpact\release\seaimpact.tlog\cl.command.1.tlog
d:\fanda\ostatni\skola\pa2\semestralka\seaimpact\seaimpact\release\seaimpact.tlog\cl.read.1.tlog
d:\fanda\ostatni\skola\pa2\semestralka\seaimpact\seaimpact\release\seaimpact.tlog\cl.write.1.tlog
d:\fanda\ostatni\skola\pa2\semestralka\seaimpact\seaimpact\release\seaimpact.tlog\link.command.1.tlog
d:\fanda\ostatni\skola\pa2\semestralka\seaimpact\seaimpact\release\seaimpact.tlog\link.read.1.tlog
d:\fanda\ostatni\skola\pa2\semestralka\seaimpact\seaimpact\release\seaimpact.tlog\link.write.1.tlog
d:\fanda\ostatni\skola\pa2\semestralka\seaimpact\seaimpact\release\seaimpact.tlog\seaimpact.write.1u.tlog
