d:\fanda\ostatni\skola\pa2\semestralka\seaimpact\seaimpact\debug\vc142.pdb
d:\fanda\ostatni\skola\pa2\semestralka\seaimpact\seaimpact\debug\vc142.idb
d:\fanda\ostatni\skola\pa2\semestralka\seaimpact\seaimpact\debug\spawner.obj
d:\fanda\ostatni\skola\pa2\semestralka\seaimpact\seaimpact\debug\shot.obj
d:\fanda\ostatni\skola\pa2\semestralka\seaimpact\seaimpact\debug\player.obj
d:\fanda\ostatni\skola\pa2\semestralka\seaimpact\seaimpact\debug\main.obj
d:\fanda\ostatni\skola\pa2\semestralka\seaimpact\seaimpact\debug\gamerender.obj
d:\fanda\ostatni\skola\pa2\semestralka\seaimpact\seaimpact\debug\filemanager.obj
d:\fanda\ostatni\skola\pa2\semestralka\seaimpact\seaimpact\debug\enemywiggler.obj
d:\fanda\ostatni\skola\pa2\semestralka\seaimpact\seaimpact\debug\enemytoucher.obj
d:\fanda\ostatni\skola\pa2\semestralka\seaimpact\seaimpact\debug\enemynarrow.obj
d:\fanda\ostatni\skola\pa2\semestralka\seaimpact\seaimpact\debug\enemyboss.obj
d:\fanda\ostatni\skola\pa2\semestralka\seaimpact\seaimpact\debug\enemy.obj
d:\fanda\ostatni\skola\pa2\semestralka\seaimpact\seaimpact\debug\coordinates.obj
d:\fanda\ostatni\skola\pa2\semestralka\seaimpact\seaimpact\debug\control.obj
d:\fanda\ostatni\skola\pa2\semestralka\seaimpact\seaimpact\debug\bonusshield.obj
d:\fanda\ostatni\skola\pa2\semestralka\seaimpact\seaimpact\debug\bonusrockets.obj
d:\fanda\ostatni\skola\pa2\semestralka\seaimpact\seaimpact\debug\bonusinvincibility.obj
d:\fanda\ostatni\skola\pa2\semestralka\seaimpact\seaimpact\debug\bonushealth.obj
d:\fanda\ostatni\skola\pa2\semestralka\seaimpact\seaimpact\debug\bonus.obj
d:\fanda\ostatni\skola\pa2\semestralka\seaimpact\seaimpact\debug\baseobject.obj
d:\fanda\ostatni\skola\pa2\semestralka\seaimpact\debug\seaimpact.ilk
d:\fanda\ostatni\skola\pa2\semestralka\seaimpact\debug\seaimpact.exe
d:\fanda\ostatni\skola\pa2\semestralka\seaimpact\debug\seaimpact.pdb
d:\fanda\ostatni\skola\pa2\semestralka\seaimpact\seaimpact\debug\seaimpact.tlog\cl.command.1.tlog
d:\fanda\ostatni\skola\pa2\semestralka\seaimpact\seaimpact\debug\seaimpact.tlog\cl.read.1.tlog
d:\fanda\ostatni\skola\pa2\semestralka\seaimpact\seaimpact\debug\seaimpact.tlog\cl.write.1.tlog
d:\fanda\ostatni\skola\pa2\semestralka\seaimpact\seaimpact\debug\seaimpact.tlog\link.command.1.tlog
d:\fanda\ostatni\skola\pa2\semestralka\seaimpact\seaimpact\debug\seaimpact.tlog\link.read.1.tlog
d:\fanda\ostatni\skola\pa2\semestralka\seaimpact\seaimpact\debug\seaimpact.tlog\link.write.1.tlog
